<?xml version="1.0" encoding="UTF-8"?>
<!-- Generated by org.testng.reporters.JUnitXMLReporter -->
<testsuite hostname="DESKTOP-0MN1GUC" ignored="0" name="com.selenium.qa.testcases" tests="9" failures="0" timestamp="03 Sep 2020 12:50:50 GMT" time="188.675" errors="0">
  <testcase name="verifyHomePageTitleTest" time="0.023" classname="com.selenium.qa.testcases.HomePageTest"/>
  <testcase name="loginPageTitleTest" time="0.013" classname="com.selenium.qa.testcases.LoginPageTest"/>
  <testcase name="verifyUserNameLabel" time="2.865" classname="com.selenium.qa.testcases.HomePageTest"/>
  <testcase name="crmLogoImageTest" time="2.057" classname="com.selenium.qa.testcases.LoginPageTest"/>
  <testcase name="verifyContactsLinkTest" time="2.938" classname="com.selenium.qa.testcases.HomePageTest"/>
  <testcase name="loginTest" time="10.311" classname="com.selenium.qa.testcases.LoginPageTest"/>
  <testcase name="createNewContactTest" time="4.04" classname="com.selenium.qa.testcases.ContactsPageTest"/>
  <testcase name="createNewContactTest" time="3.738" classname="com.selenium.qa.testcases.ContactsPageTest"/>
  <testcase name="createNewContactTest" time="3.506" classname="com.selenium.qa.testcases.ContactsPageTest"/>
</testsuite> <!-- com.selenium.qa.testcases -->
