<?xml version="1.0" encoding="UTF-8" ?>
<testsuite tests="9" failures="1" name="TestSuite" time="48.51" errors="0" skipped="0">
  <properties>
[...]
</properties>
  <testcase classname="com.selenium.qa.testcases.HomePageTest" name="verifyHomePageTitleTest" time="0.016"/>
  <testcase classname="com.selenium.qa.testcases.LoginPageTest" name="loginPageTitleTest" time="0.008"/>
  <testcase classname="com.selenium.qa.testcases.HomePageTest" name="verifyUserNameLabel" time="2.301"/>
  <testcase classname="com.selenium.qa.testcases.LoginPageTest" name="crmLogoImageTest" time="2.095"/>
  <testcase classname="com.selenium.qa.testcases.HomePageTest" name="verifyContactsLinkTest" time="1.532"/>
  <testcase classname="com.selenium.qa.testcases.LoginPageTest" name="loginTest" time="6.615"/>
  <testcase classname="com.selenium.qa.testcases.ContactsPageTest" name="createNewContactTest" time="30.685">
    <failure message="no such element: Unable to locate element: {&quot;method&quot;:&quot;css selector&quot;,&quot;selector&quot;:&quot;*[name=&apos;first_name&apos;]&quot;}
  (Session info: chrome=85.0.4183.102)
For documentation on this error, please visit: https://www.seleniumhq.org/exceptions/no_such_element.html
Build info: version: &apos;3.141.59&apos;, revision: &apos;e82be7d358&apos;, time: &apos;2018-11-14T08:17:03&apos;
System info: host: &apos;DESKTOP-0MN1GUC&apos;, ip: &apos;192.168.225.103&apos;, os.name: &apos;Windows 10&apos;, os.arch: &apos;amd64&apos;, os.version: &apos;10.0&apos;, java.version: &apos;1.8.0_191&apos;
Driver info: org.openqa.selenium.chrome.ChromeDriver
Capabilities {acceptInsecureCerts: false, browserName: chrome, browserVersion: 85.0.4183.102, chrome: {chromedriverVersion: 85.0.4183.87 (cd6713ebf92fa..., userDataDir: C:\WINDOWS\TEMP\scoped_dir7...}, goog:chromeOptions: {debuggerAddress: localhost:59428}, javascriptEnabled: true, networkConnectionEnabled: false, pageLoadStrategy: normal, platform: WINDOWS, platformName: WINDOWS, proxy: Proxy(), setWindowRect: true, strictFileInteractability: false, timeouts: {implicit: 0, pageLoad: 300000, script: 30000}, unhandledPromptBehavior: dismiss and notify, webauthn:virtualAuthenticators: true}
Session ID: 561ff3c2a913cc73a0fbffe00e43be38
*** Element info: {Using=name, value=first_name}" type="org.openqa.selenium.NoSuchElementException">org.openqa.selenium.NoSuchElementException: no such element: Unable to locate element: {&quot;method&quot;:&quot;css selector&quot;,&quot;selector&quot;:&quot;*[name=&apos;first_name&apos;]&quot;}
  (Session info: chrome=85.0.4183.102)
For documentation on this error, please visit: https://www.seleniumhq.org/exceptions/no_such_element.html
Build info: version: &apos;3.141.59&apos;, revision: &apos;e82be7d358&apos;, time: &apos;2018-11-14T08:17:03&apos;
System info: host: &apos;DESKTOP-0MN1GUC&apos;, ip: &apos;192.168.225.103&apos;, os.name: &apos;Windows 10&apos;, os.arch: &apos;amd64&apos;, os.version: &apos;10.0&apos;, java.version: &apos;1.8.0_191&apos;
Driver info: org.openqa.selenium.chrome.ChromeDriver
Capabilities {acceptInsecureCerts: false, browserName: chrome, browserVersion: 85.0.4183.102, chrome: {chromedriverVersion: 85.0.4183.87 (cd6713ebf92fa..., userDataDir: C:\WINDOWS\TEMP\scoped_dir7...}, goog:chromeOptions: {debuggerAddress: localhost:59428}, javascriptEnabled: true, networkConnectionEnabled: false, pageLoadStrategy: normal, platform: WINDOWS, platformName: WINDOWS, proxy: Proxy(), setWindowRect: true, strictFileInteractability: false, timeouts: {implicit: 0, pageLoad: 300000, script: 30000}, unhandledPromptBehavior: dismiss and notify, webauthn:virtualAuthenticators: true}
Session ID: 561ff3c2a913cc73a0fbffe00e43be38
*** Element info: {Using=name, value=first_name}
	at sun.reflect.NativeConstructorAccessorImpl.newInstance0(Native Method)
	at sun.reflect.NativeConstructorAccessorImpl.newInstance(NativeConstructorAccessorImpl.java:62)
	at sun.reflect.DelegatingConstructorAccessorImpl.newInstance(DelegatingConstructorAccessorImpl.java:45)
	at java.lang.reflect.Constructor.newInstance(Constructor.java:423)
	at org.openqa.selenium.remote.http.W3CHttpResponseCodec.createException(W3CHttpResponseCodec.java:187)
	at org.openqa.selenium.remote.http.W3CHttpResponseCodec.decode(W3CHttpResponseCodec.java:122)
	at org.openqa.selenium.remote.http.W3CHttpResponseCodec.decode(W3CHttpResponseCodec.java:49)
	at org.openqa.selenium.remote.HttpCommandExecutor.execute(HttpCommandExecutor.java:158)
	at org.openqa.selenium.remote.service.DriverCommandExecutor.execute(DriverCommandExecutor.java:83)
	at org.openqa.selenium.remote.RemoteWebDriver.execute(RemoteWebDriver.java:552)
	at org.openqa.selenium.remote.RemoteWebDriver.findElement(RemoteWebDriver.java:323)
	at org.openqa.selenium.remote.RemoteWebDriver.findElementByName(RemoteWebDriver.java:404)
	at org.openqa.selenium.By$ByName.findElement(By.java:284)
	at org.openqa.selenium.remote.RemoteWebDriver.findElement(RemoteWebDriver.java:315)
	at sun.reflect.GeneratedMethodAccessor3.invoke(Unknown Source)
	at sun.reflect.DelegatingMethodAccessorImpl.invoke(DelegatingMethodAccessorImpl.java:43)
	at java.lang.reflect.Method.invoke(Method.java:498)
	at org.openqa.selenium.support.events.EventFiringWebDriver.lambda$new$1(EventFiringWebDriver.java:105)
	at com.sun.proxy.$Proxy6.findElement(Unknown Source)
	at org.openqa.selenium.support.events.EventFiringWebDriver.findElement(EventFiringWebDriver.java:194)
	at org.openqa.selenium.support.pagefactory.DefaultElementLocator.findElement(DefaultElementLocator.java:69)
	at org.openqa.selenium.support.pagefactory.internal.LocatingElementHandler.invoke(LocatingElementHandler.java:38)
	at com.sun.proxy.$Proxy10.sendKeys(Unknown Source)
	at com.selenium.qa.pages.NewContactPage.newContactDetails(NewContactPage.java:31)
	at com.selenium.qa.testcases.ContactsPageTest.createNewContactTest(ContactsPageTest.java:67)
</failure>
    <system-out>Before navigate to &apos;https://freecrm.co.in/&apos; 
After navigate to &apos;https://freecrm.co.in/&apos;
Trying to find element by: By.xpath: //a[contains(@class,&apos;btn btn-primary btn-xs-2 btn-shadow btn-rect btn-icon btn-icon-left&apos;)]
Found element by: By.xpath: //a[contains(@class,&apos;btn btn-primary btn-xs-2 btn-shadow btn-rect btn-icon btn-icon-left&apos;)]
Clicked on[[ChromeDriver: chrome on WINDOWS (561ff3c2a913cc73a0fbffe00e43be38)] -&gt; xpath: //a[contains(@class,&apos;btn btn-primary btn-xs-2 btn-shadow btn-rect btn-icon btn-icon-left&apos;)]]
Trying to find element by: By.name: email
Found element by: By.name: email
Trying to find element by: By.name: password
Found element by: By.name: password
Trying to find element by: By.xpath: //div[contains(@class,&apos;ui fluid large blue submit button&apos;)]
Found element by: By.xpath: //div[contains(@class,&apos;ui fluid large blue submit button&apos;)]
Clicked on[[ChromeDriver: chrome on WINDOWS (561ff3c2a913cc73a0fbffe00e43be38)] -&gt; xpath: //div[contains(@class,&apos;ui fluid large blue submit button&apos;)]]
Trying to find element by: By.xpath: //a[contains(@class,&apos;item&apos;)]//span[contains(text(),&apos;Contacts&apos;)]
Found element by: By.xpath: //a[contains(@class,&apos;item&apos;)]//span[contains(text(),&apos;Contacts&apos;)]
Clicked on[[ChromeDriver: chrome on WINDOWS (561ff3c2a913cc73a0fbffe00e43be38)] -&gt; xpath: //a[contains(@class,&apos;item&apos;)]//span[contains(text(),&apos;Contacts&apos;)]]
Trying to find element by: By.xpath: //button[@class=&apos;ui linkedin button&apos; and text()=&apos;New&apos;]
Found element by: By.xpath: //button[@class=&apos;ui linkedin button&apos; and text()=&apos;New&apos;]
Clicked on[[ChromeDriver: chrome on WINDOWS (561ff3c2a913cc73a0fbffe00e43be38)] -&gt; xpath: //button[@class=&apos;ui linkedin button&apos; and text()=&apos;New&apos;]]
Trying to find element by: By.name: first_name
Exception occured: org.openqa.selenium.NoSuchElementException: no such element: Unable to locate element: {&quot;method&quot;:&quot;css selector&quot;,&quot;selector&quot;:&quot;*[name=&apos;first_name&apos;]&quot;}
  (Session info: chrome=85.0.4183.102)
For documentation on this error, please visit: https://www.seleniumhq.org/exceptions/no_such_element.html
Build info: version: &apos;3.141.59&apos;, revision: &apos;e82be7d358&apos;, time: &apos;2018-11-14T08:17:03&apos;
System info: host: &apos;DESKTOP-0MN1GUC&apos;, ip: &apos;192.168.225.103&apos;, os.name: &apos;Windows 10&apos;, os.arch: &apos;amd64&apos;, os.version: &apos;10.0&apos;, java.version: &apos;1.8.0_191&apos;
Driver info: org.openqa.selenium.chrome.ChromeDriver
Capabilities {acceptInsecureCerts: false, browserName: chrome, browserVersion: 85.0.4183.102, chrome: {chromedriverVersion: 85.0.4183.87 (cd6713ebf92fa..., userDataDir: C:\WINDOWS\TEMP\scoped_dir7...}, goog:chromeOptions: {debuggerAddress: localhost:59428}, javascriptEnabled: true, networkConnectionEnabled: false, pageLoadStrategy: normal, platform: WINDOWS, platformName: WINDOWS, proxy: Proxy(), setWindowRect: true, strictFileInteractability: false, timeouts: {implicit: 0, pageLoad: 300000, script: 30000}, unhandledPromptBehavior: dismiss and notify, webauthn:virtualAuthenticators: true}
Session ID: 561ff3c2a913cc73a0fbffe00e43be38
*** Element info: {Using=name, value=first_name}
</system-out>
    <system-err>Starting ChromeDriver 85.0.4183.87 (cd6713ebf92fa1cacc0f1a598df280093af0c5d7-refs/branch-heads/4183@{#1689}) on port 30817
Only local connections are allowed.
Please see https://chromedriver.chromium.org/security-considerations for suggestions on keeping ChromeDriver safe.
ChromeDriver was started successfully.
Sep 11, 2020 6:09:49 PM org.openqa.selenium.remote.ProtocolHandshake createSession
INFO: Detected dialect: W3C
</system-err>
  </testcase>
  <testcase classname="com.selenium.qa.testcases.ContactsPageTest" name="createNewContactTest" time="2.66"/>
  <testcase classname="com.selenium.qa.testcases.ContactsPageTest" name="createNewContactTest" time="2.598"/>
</testsuite>