<?xml version="1.0" encoding="UTF-8"?>
<testng-results skipped="0" failed="0" ignored="0" total="9" passed="9">
  <reporter-output>
  </reporter-output>
  <suite name="Selenium_Maven_Project by packages" duration-ms="188675" started-at="2020-09-03T12:47:41Z" finished-at="2020-09-03T12:50:50Z">
    <groups>
    </groups>
    <test name="com.selenium.qa.testcases" duration-ms="188675" started-at="2020-09-03T12:47:41Z" finished-at="2020-09-03T12:50:50Z">
      <class name="com.selenium.qa.testcases.HomePageTest">
        <test-method status="PASS" signature="setUP()[pri:0, instance:com.selenium.qa.testcases.HomePageTest@77caeb3e]" name="setUP" is-config="true" duration-ms="20450" started-at="2020-09-03T18:17:41Z" finished-at="2020-09-03T18:18:01Z">
          <reporter-output>
          </reporter-output>
        </test-method> <!-- setUP -->
        <test-method status="PASS" signature="verifyHomePageTitleTest()[pri:1, instance:com.selenium.qa.testcases.HomePageTest@77caeb3e]" name="verifyHomePageTitleTest" duration-ms="23" started-at="2020-09-03T18:18:01Z" finished-at="2020-09-03T18:18:01Z">
          <reporter-output>
          </reporter-output>
        </test-method> <!-- verifyHomePageTitleTest -->
        <test-method status="PASS" signature="tearDown()[pri:0, instance:com.selenium.qa.testcases.HomePageTest@77caeb3e]" name="tearDown" is-config="true" duration-ms="940" started-at="2020-09-03T18:18:01Z" finished-at="2020-09-03T18:18:02Z">
          <reporter-output>
          </reporter-output>
        </test-method> <!-- tearDown -->
        <test-method status="PASS" signature="setUP()[pri:0, instance:com.selenium.qa.testcases.HomePageTest@77caeb3e]" name="setUP" is-config="true" duration-ms="21833" started-at="2020-09-03T18:18:14Z" finished-at="2020-09-03T18:18:36Z">
          <reporter-output>
          </reporter-output>
        </test-method> <!-- setUP -->
        <test-method status="PASS" signature="verifyUserNameLabel()[pri:2, instance:com.selenium.qa.testcases.HomePageTest@77caeb3e]" name="verifyUserNameLabel" duration-ms="2865" started-at="2020-09-03T18:18:36Z" finished-at="2020-09-03T18:18:39Z">
          <reporter-output>
          </reporter-output>
        </test-method> <!-- verifyUserNameLabel -->
        <test-method status="PASS" signature="tearDown()[pri:0, instance:com.selenium.qa.testcases.HomePageTest@77caeb3e]" name="tearDown" is-config="true" duration-ms="988" started-at="2020-09-03T18:18:39Z" finished-at="2020-09-03T18:18:40Z">
          <reporter-output>
          </reporter-output>
        </test-method> <!-- tearDown -->
        <test-method status="PASS" signature="setUP()[pri:0, instance:com.selenium.qa.testcases.HomePageTest@77caeb3e]" name="setUP" is-config="true" duration-ms="20556" started-at="2020-09-03T18:18:52Z" finished-at="2020-09-03T18:19:13Z">
          <reporter-output>
          </reporter-output>
        </test-method> <!-- setUP -->
        <test-method status="PASS" signature="verifyContactsLinkTest()[pri:3, instance:com.selenium.qa.testcases.HomePageTest@77caeb3e]" name="verifyContactsLinkTest" duration-ms="2938" started-at="2020-09-03T18:19:13Z" finished-at="2020-09-03T18:19:16Z">
          <reporter-output>
          </reporter-output>
        </test-method> <!-- verifyContactsLinkTest -->
        <test-method status="PASS" signature="tearDown()[pri:0, instance:com.selenium.qa.testcases.HomePageTest@77caeb3e]" name="tearDown" is-config="true" duration-ms="963" started-at="2020-09-03T18:19:16Z" finished-at="2020-09-03T18:19:16Z">
          <reporter-output>
          </reporter-output>
        </test-method> <!-- tearDown -->
      </class> <!-- com.selenium.qa.testcases.HomePageTest -->
      <class name="com.selenium.qa.testcases.LoginPageTest">
        <test-method status="PASS" signature="setUp()[pri:0, instance:com.selenium.qa.testcases.LoginPageTest@1e88b3c]" name="setUp" is-config="true" duration-ms="11057" started-at="2020-09-03T18:18:02Z" finished-at="2020-09-03T18:18:13Z">
          <reporter-output>
          </reporter-output>
        </test-method> <!-- setUp -->
        <test-method status="PASS" signature="loginPageTitleTest()[pri:1, instance:com.selenium.qa.testcases.LoginPageTest@1e88b3c]" name="loginPageTitleTest" duration-ms="13" started-at="2020-09-03T18:18:13Z" finished-at="2020-09-03T18:18:13Z">
          <reporter-output>
          </reporter-output>
        </test-method> <!-- loginPageTitleTest -->
        <test-method status="PASS" signature="tearDown()[pri:0, instance:com.selenium.qa.testcases.LoginPageTest@1e88b3c]" name="tearDown" is-config="true" duration-ms="833" started-at="2020-09-03T18:18:13Z" finished-at="2020-09-03T18:18:14Z">
          <reporter-output>
          </reporter-output>
        </test-method> <!-- tearDown -->
        <test-method status="PASS" signature="setUp()[pri:0, instance:com.selenium.qa.testcases.LoginPageTest@1e88b3c]" name="setUp" is-config="true" duration-ms="9177" started-at="2020-09-03T18:18:40Z" finished-at="2020-09-03T18:18:49Z">
          <reporter-output>
          </reporter-output>
        </test-method> <!-- setUp -->
        <test-method status="PASS" signature="crmLogoImageTest()[pri:2, instance:com.selenium.qa.testcases.LoginPageTest@1e88b3c]" name="crmLogoImageTest" duration-ms="2057" started-at="2020-09-03T18:18:49Z" finished-at="2020-09-03T18:18:51Z">
          <reporter-output>
          </reporter-output>
        </test-method> <!-- crmLogoImageTest -->
        <test-method status="PASS" signature="tearDown()[pri:0, instance:com.selenium.qa.testcases.LoginPageTest@1e88b3c]" name="tearDown" is-config="true" duration-ms="856" started-at="2020-09-03T18:18:51Z" finished-at="2020-09-03T18:18:52Z">
          <reporter-output>
          </reporter-output>
        </test-method> <!-- tearDown -->
        <test-method status="PASS" signature="setUp()[pri:0, instance:com.selenium.qa.testcases.LoginPageTest@1e88b3c]" name="setUp" is-config="true" duration-ms="9947" started-at="2020-09-03T18:19:16Z" finished-at="2020-09-03T18:19:26Z">
          <reporter-output>
          </reporter-output>
        </test-method> <!-- setUp -->
        <test-method status="PASS" signature="loginTest()[pri:3, instance:com.selenium.qa.testcases.LoginPageTest@1e88b3c]" name="loginTest" duration-ms="10311" started-at="2020-09-03T18:19:26Z" finished-at="2020-09-03T18:19:37Z">
          <reporter-output>
          </reporter-output>
        </test-method> <!-- loginTest -->
        <test-method status="PASS" signature="tearDown()[pri:0, instance:com.selenium.qa.testcases.LoginPageTest@1e88b3c]" name="tearDown" is-config="true" duration-ms="817" started-at="2020-09-03T18:19:37Z" finished-at="2020-09-03T18:19:38Z">
          <reporter-output>
          </reporter-output>
        </test-method> <!-- tearDown -->
      </class> <!-- com.selenium.qa.testcases.LoginPageTest -->
      <class name="com.selenium.qa.testcases.ContactsPageTest">
        <test-method status="PASS" signature="setUp()[pri:0, instance:com.selenium.qa.testcases.ContactsPageTest@66a3ffec]" name="setUp" is-config="true" duration-ms="18724" started-at="2020-09-03T18:19:38Z" finished-at="2020-09-03T18:19:57Z">
          <reporter-output>
          </reporter-output>
        </test-method> <!-- setUp -->
        <test-method status="PASS" signature="createNewContactTest(java.lang.String, java.lang.String, java.lang.String, java.lang.String)[pri:4, instance:com.selenium.qa.testcases.ContactsPageTest@66a3ffec]" name="createNewContactTest" duration-ms="4040" started-at="2020-09-03T18:19:57Z" data-provider="getCRMTestData" finished-at="2020-09-03T18:20:01Z">
          <params>
            <param index="0">
              <value>
                <![CDATA[Vivek]]>
              </value>
            </param>
            <param index="1">
              <value>
                <![CDATA[Prabhaar]]>
              </value>
            </param>
            <param index="2">
              <value>
                <![CDATA[Dhanade]]>
              </value>
            </param>
            <param index="3">
              <value>
                <![CDATA[vd@gmail.com]]>
              </value>
            </param>
          </params>
          <reporter-output>
          </reporter-output>
        </test-method> <!-- createNewContactTest -->
        <test-method status="PASS" signature="tearDown()[pri:0, instance:com.selenium.qa.testcases.ContactsPageTest@66a3ffec]" name="tearDown" is-config="true" duration-ms="881" started-at="2020-09-03T18:20:01Z" finished-at="2020-09-03T18:20:02Z">
          <reporter-output>
          </reporter-output>
        </test-method> <!-- tearDown -->
        <test-method status="PASS" signature="setUp()[pri:0, instance:com.selenium.qa.testcases.ContactsPageTest@66a3ffec]" name="setUp" is-config="true" duration-ms="19100" started-at="2020-09-03T18:20:02Z" finished-at="2020-09-03T18:20:21Z">
          <reporter-output>
          </reporter-output>
        </test-method> <!-- setUp -->
        <test-method status="PASS" signature="createNewContactTest(java.lang.String, java.lang.String, java.lang.String, java.lang.String)[pri:4, instance:com.selenium.qa.testcases.ContactsPageTest@66a3ffec]" name="createNewContactTest" duration-ms="3738" started-at="2020-09-03T18:20:21Z" data-provider="getCRMTestData" finished-at="2020-09-03T18:20:25Z">
          <params>
            <param index="0">
              <value>
                <![CDATA[Akash]]>
              </value>
            </param>
            <param index="1">
              <value>
                <![CDATA[Prabhaar]]>
              </value>
            </param>
            <param index="2">
              <value>
                <![CDATA[Dhanade]]>
              </value>
            </param>
            <param index="3">
              <value>
                <![CDATA[ad@gmail.com]]>
              </value>
            </param>
          </params>
          <reporter-output>
          </reporter-output>
        </test-method> <!-- createNewContactTest -->
        <test-method status="PASS" signature="tearDown()[pri:0, instance:com.selenium.qa.testcases.ContactsPageTest@66a3ffec]" name="tearDown" is-config="true" duration-ms="921" started-at="2020-09-03T18:20:25Z" finished-at="2020-09-03T18:20:26Z">
          <reporter-output>
          </reporter-output>
        </test-method> <!-- tearDown -->
        <test-method status="PASS" signature="setUp()[pri:0, instance:com.selenium.qa.testcases.ContactsPageTest@66a3ffec]" name="setUp" is-config="true" duration-ms="19307" started-at="2020-09-03T18:20:26Z" finished-at="2020-09-03T18:20:45Z">
          <reporter-output>
          </reporter-output>
        </test-method> <!-- setUp -->
        <test-method status="PASS" signature="createNewContactTest(java.lang.String, java.lang.String, java.lang.String, java.lang.String)[pri:4, instance:com.selenium.qa.testcases.ContactsPageTest@66a3ffec]" name="createNewContactTest" duration-ms="3506" started-at="2020-09-03T18:20:45Z" data-provider="getCRMTestData" finished-at="2020-09-03T18:20:49Z">
          <params>
            <param index="0">
              <value>
                <![CDATA[Pooja]]>
              </value>
            </param>
            <param index="1">
              <value>
                <![CDATA[C]]>
              </value>
            </param>
            <param index="2">
              <value>
                <![CDATA[Wandare]]>
              </value>
            </param>
            <param index="3">
              <value>
                <![CDATA[pooja@gmail.com]]>
              </value>
            </param>
          </params>
          <reporter-output>
          </reporter-output>
        </test-method> <!-- createNewContactTest -->
        <test-method status="PASS" signature="tearDown()[pri:0, instance:com.selenium.qa.testcases.ContactsPageTest@66a3ffec]" name="tearDown" is-config="true" duration-ms="873" started-at="2020-09-03T18:20:49Z" finished-at="2020-09-03T18:20:50Z">
          <reporter-output>
          </reporter-output>
        </test-method> <!-- tearDown -->
      </class> <!-- com.selenium.qa.testcases.ContactsPageTest -->
    </test> <!-- com.selenium.qa.testcases -->
  </suite> <!-- Selenium_Maven_Project by packages -->
</testng-results>
